# JRE version: OpenJDK Runtime Environment (8.0_212) (build 1.8.0_212-release-1586-b4-5784211)
# Java VM: OpenJDK 64-Bit Server VM (25.212-b4-5784211 mixed mode linux-amd64 compressed oops)
Heap:
 def new generation   total 392064K, used 0K [0x00000000a0000000, 0x00000000ba960000, 0x00000000c0000000)
  eden space 348544K,   0% used [0x00000000a0000000, 0x00000000a0000000, 0x00000000b5460000)
  from space 43520K,   0% used [0x00000000b5460000, 0x00000000b5460000, 0x00000000b7ee0000)
  to   space 43520K,   0% used [0x00000000b7ee0000, 0x00000000b7ee0000, 0x00000000ba960000)
 tenured generation   total 941424K, used 576745K [0x00000000c0000000, 0x00000000f975c000, 0x0000000100000000)
   the space 941424K,  61% used [0x00000000c0000000, 0x00000000e333a728, 0x00000000e333a800, 0x00000000f975c000)
 Metaspace       used 201997K, capacity 214550K, committed 215384K, reserved 1236992K
  class space    used 25156K, capacity 27471K, committed 27736K, reserved 1048576K
GC Heap History (10 events):
Event: 3056.762 GC heap after
Heap after GC invocations=218 (full 11):
 def new generation   total 392064K, used 6761K [0x00000000a0000000, 0x00000000ba960000, 0x00000000c0000000)
  eden space 348544K,   0% used [0x00000000a0000000, 0x00000000a0000000, 0x00000000b5460000)
  from space 43520K,  15% used [0x00000000b7ee0000, 0x00000000b857a570, 0x00000000ba960000)
  to   space 43520K,   0% used [0x00000000b5460000, 0x00000000b5460000, 0x00000000b7ee0000)
 tenured generation   total 870748K, used 708427K [0x00000000c0000000, 0x00000000f5257000, 0x0000000100000000)
   the space 870748K,  81% used [0x00000000c0000000, 0x00000000eb3d2c38, 0x00000000eb3d2e00, 0x00000000f5257000)
 Metaspace       used 201034K, capacity 213550K, committed 214488K, reserved 1236992K
  class space    used 25080K, capacity 27391K, committed 27608K, reserved 1048576K
}
Event: 3063.074 GC heap before
{Heap before GC invocations=218 (full 11):
 def new generation   total 392064K, used 355305K [0x00000000a0000000, 0x00000000ba960000, 0x00000000c0000000)
  eden space 348544K, 100% used [0x00000000a0000000, 0x00000000b5460000, 0x00000000b5460000)
  from space 43520K,  15% used [0x00000000b7ee0000, 0x00000000b857a570, 0x00000000ba960000)
  to   space 43520K,   0% used [0x00000000b5460000, 0x00000000b5460000, 0x00000000b7ee0000)
 tenured generation   total 870748K, used 708427K [0x00000000c0000000, 0x00000000f5257000, 0x0000000100000000)
   the space 870748K,  81% used [0x00000000c0000000, 0x00000000eb3d2c38, 0x00000000eb3d2e00, 0x00000000f5257000)
 Metaspace       used 201781K, capacity 214280K, committed 215384K, reserved 1236992K
  class space    used 25147K, capacity 27460K, committed 27736K, reserved 1048576K
Event: 3063.094 GC heap after
Heap after GC invocations=219 (full 11):
 def new generation   total 392064K, used 3904K [0x00000000a0000000, 0x00000000ba960000, 0x00000000c0000000)
  eden space 348544K,   0% used [0x00000000a0000000, 0x00000000a0000000, 0x00000000b5460000)
  from space 43520K,   8% used [0x00000000b5460000, 0x00000000b58303b8, 0x00000000b7ee0000)
  to   space 43520K,   0% used [0x00000000b7ee0000, 0x00000000b7ee0000, 0x00000000ba960000)
 tenured generation   total 870748K, used 708427K [0x00000000c0000000, 0x00000000f5257000, 0x0000000100000000)
   the space 870748K,  81% used [0x00000000c0000000, 0x00000000eb3d2c38, 0x00000000eb3d2e00, 0x00000000f5257000)
 Metaspace       used 201781K, capacity 214280K, committed 215384K, reserved 1236992K
  class space    used 25147K, capacity 27460K, committed 27736K, reserved 1048576K
}
Event: 3075.671 GC heap before
{Heap before GC invocations=219 (full 11):
 def new generation   total 392064K, used 352448K [0x00000000a0000000, 0x00000000ba960000, 0x00000000c0000000)
  eden space 348544K, 100% used [0x00000000a0000000, 0x00000000b5460000, 0x00000000b5460000)
  from space 43520K,   8% used [0x00000000b5460000, 0x00000000b58303b8, 0x00000000b7ee0000)
  to   space 43520K,   0% used [0x00000000b7ee0000, 0x00000000b7ee0000, 0x00000000ba960000)
 tenured generation   total 870748K, used 708427K [0x00000000c0000000, 0x00000000f5257000, 0x0000000100000000)
   the space 870748K,  81% used [0x00000000c0000000, 0x00000000eb3d2c38, 0x00000000eb3d2e00, 0x00000000f5257000)
 Metaspace       used 201918K, capacity 214490K, committed 215384K, reserved 1236992K
  class space    used 25150K, capacity 27463K, committed 27736K, reserved 1048576K
Event: 3075.704 GC heap after
Heap after GC invocations=220 (full 11):
 def new generation   total 392064K, used 5333K [0x00000000a0000000, 0x00000000ba960000, 0x00000000c0000000)
  eden space 348544K,   0% used [0x00000000a0000000, 0x00000000a0000000, 0x00000000b5460000)
  from space 43520K,  12% used [0x00000000b7ee0000, 0x00000000b84156e0, 0x00000000ba960000)
  to   space 43520K,   0% used [0x00000000b5460000, 0x00000000b5460000, 0x00000000b7ee0000)
 tenured generation   total 870748K, used 708427K [0x00000000c0000000, 0x00000000f5257000, 0x0000000100000000)
   the space 870748K,  81% used [0x00000000c0000000, 0x00000000eb3d2c38, 0x00000000eb3d2e00, 0x00000000f5257000)
 Metaspace       used 201918K, capacity 214490K, committed 215384K, reserved 1236992K
  class space    used 25150K, capacity 27463K, committed 27736K, reserved 1048576K
}
Event: 3077.357 GC heap before
{Heap before GC invocations=220 (full 11):
 def new generation   total 392064K, used 353877K [0x00000000a0000000, 0x00000000ba960000, 0x00000000c0000000)
  eden space 348544K, 100% used [0x00000000a0000000, 0x00000000b5460000, 0x00000000b5460000)
  from space 43520K,  12% used [0x00000000b7ee0000, 0x00000000b84156e0, 0x00000000ba960000)
  to   space 43520K,   0% used [0x00000000b5460000, 0x00000000b5460000, 0x00000000b7ee0000)
 tenured generation   total 870748K, used 708427K [0x00000000c0000000, 0x00000000f5257000, 0x0000000100000000)
   the space 870748K,  81% used [0x00000000c0000000, 0x00000000eb3d2c38, 0x00000000eb3d2e00, 0x00000000f5257000)
 Metaspace       used 201995K, capacity 214550K, committed 215384K, reserved 1236992K
  class space    used 25155K, capacity 27471K, committed 27736K, reserved 1048576K
Event: 3077.468 GC heap after
Heap after GC invocations=221 (full 11):
 def new generation   total 392064K, used 43519K [0x00000000a0000000, 0x00000000ba960000, 0x00000000c0000000)
  eden space 348544K,   0% used [0x00000000a0000000, 0x00000000a0000000, 0x00000000b5460000)
  from space 43520K,  99% used [0x00000000b5460000, 0x00000000b7edfff8, 0x00000000b7ee0000)
  to   space 43520K,   0% used [0x00000000b7ee0000, 0x00000000b7ee0000, 0x00000000ba960000)
 tenured generation   total 870748K, used 777102K [0x00000000c0000000, 0x00000000f5257000, 0x0000000100000000)
   the space 870748K,  89% used [0x00000000c0000000, 0x00000000ef6e3870, 0x00000000ef6e3a00, 0x00000000f5257000)
 Metaspace       used 201995K, capacity 214550K, committed 215384K, reserved 1236992K
  class space    used 25155K, capacity 27471K, committed 27736K, reserved 1048576K
}
Event: 3078.447 GC heap before
{Heap before GC invocations=221 (full 11):
 def new generation   total 392064K, used 392063K [0x00000000a0000000, 0x00000000ba960000, 0x00000000c0000000)
  eden space 348544K, 100% used [0x00000000a0000000, 0x00000000b5460000, 0x00000000b5460000)
  from space 43520K,  99% used [0x00000000b5460000, 0x00000000b7edfff8, 0x00000000b7ee0000)
  to   space 43520K,   0% used [0x00000000b7ee0000, 0x00000000b7ee0000, 0x00000000ba960000)
 tenured generation   total 870748K, used 777102K [0x00000000c0000000, 0x00000000f5257000, 0x0000000100000000)
   the space 870748K,  89% used [0x00000000c0000000, 0x00000000ef6e3870, 0x00000000ef6e3a00, 0x00000000f5257000)
 Metaspace       used 201995K, capacity 214550K, committed 215384K, reserved 1236992K
  class space    used 25155K, capacity 27471K, committed 27736K, reserved 1048576K
Event: 3079.067 GC heap after
Heap after GC invocations=222 (full 11):
 def new generation   total 392064K, used 43520K [0x00000000a0000000, 0x00000000ba960000, 0x00000000c0000000)
  eden space 348544K,   0% used [0x00000000a0000000, 0x00000000a0000000, 0x00000000b5460000)
  from space 43520K, 100% used [0x00000000b7ee0000, 0x00000000ba960000, 0x00000000ba960000)
  to   space 43520K,   0% used [0x00000000b5460000, 0x00000000b5460000, 0x00000000b7ee0000)
 tenured generation   total 870748K, used 859731K [0x00000000c0000000, 0x00000000f5257000, 0x0000000100000000)
   the space 870748K,  98% used [0x00000000c0000000, 0x00000000f4794e70, 0x00000000f4795000, 0x00000000f5257000)
 Metaspace       used 201995K, capacity 214550K, committed 215384K, reserved 1236992K
  class space    used 25155K, capacity 27471K, committed 27736K, reserved 1048576K
}
Event: 3080.990 GC heap before
{Heap before GC invocations=222 (full 11):
 def new generation   total 392064K, used 392064K [0x00000000a0000000, 0x00000000ba960000, 0x00000000c0000000)
  eden space 348544K, 100% used [0x00000000a0000000, 0x00000000b5460000, 0x00000000b5460000)
  from space 43520K, 100% used [0x00000000b7ee0000, 0x00000000ba960000, 0x00000000ba960000)
  to   space 43520K,   0% used [0x00000000b5460000, 0x00000000b5460000, 0x00000000b7ee0000)
 tenured generation   total 870748K, used 859731K [0x00000000c0000000, 0x00000000f5257000, 0x0000000100000000)
   the space 870748K,  98% used [0x00000000c0000000, 0x00000000f4794e70, 0x00000000f4795000, 0x00000000f5257000)
 Metaspace       used 201997K, capacity 214550K, committed 215384K, reserved 1236992K
  class space    used 25156K, capacity 27471K, committed 27736K, reserved 1048576K

