# JRE version: OpenJDK Runtime Environment (8.0_212) (build 1.8.0_212-release-1586-b4-5784211)
# Java VM: OpenJDK 64-Bit Server VM (25.212-b4-5784211 mixed mode linux-amd64 compressed oops)
Heap:
 def new generation   total 291584K, used 32105K [0x00000000a0000000, 0x00000000b3c60000, 0x00000000c0000000)
  eden space 259200K,  12% used [0x00000000a0000000, 0x00000000a1f5a6a8, 0x00000000afd20000)
  from space 32384K,   0% used [0x00000000b1cc0000, 0x00000000b1cc0000, 0x00000000b3c60000)
  to   space 32384K,   0% used [0x00000000afd20000, 0x00000000afd20000, 0x00000000b1cc0000)
 tenured generation   total 647960K, used 647960K [0x00000000c0000000, 0x00000000e78c6000, 0x0000000100000000)
   the space 647960K, 100% used [0x00000000c0000000, 0x00000000e78c6000, 0x00000000e78c6000, 0x00000000e78c6000)
 Metaspace       used 120105K, capacity 129568K, committed 129752K, reserved 1161216K
  class space    used 15737K, capacity 17536K, committed 17624K, reserved 1048576K
GC Heap History (10 events):
Event: 1004.870 GC heap after
Heap after GC invocations=119 (full 8):
 def new generation   total 291584K, used 21813K [0x00000000a0000000, 0x00000000b3c60000, 0x00000000c0000000)
  eden space 259200K,   0% used [0x00000000a0000000, 0x00000000a0000000, 0x00000000afd20000)
  from space 32384K,  67% used [0x00000000afd20000, 0x00000000b126d450, 0x00000000b1cc0000)
  to   space 32384K,   0% used [0x00000000b1cc0000, 0x00000000b1cc0000, 0x00000000b3c60000)
 tenured generation   total 647576K, used 402267K [0x00000000c0000000, 0x00000000e7866000, 0x0000000100000000)
   the space 647576K,  62% used [0x00000000c0000000, 0x00000000d88d6f08, 0x00000000d88d7000, 0x00000000e7866000)
 Metaspace       used 115675K, capacity 124752K, committed 125016K, reserved 1157120K
  class space    used 15140K, capacity 16886K, committed 16984K, reserved 1048576K
}
Event: 1015.439 GC heap before
{Heap before GC invocations=119 (full 8):
 def new generation   total 291584K, used 281013K [0x00000000a0000000, 0x00000000b3c60000, 0x00000000c0000000)
  eden space 259200K, 100% used [0x00000000a0000000, 0x00000000afd20000, 0x00000000afd20000)
  from space 32384K,  67% used [0x00000000afd20000, 0x00000000b126d450, 0x00000000b1cc0000)
  to   space 32384K,   0% used [0x00000000b1cc0000, 0x00000000b1cc0000, 0x00000000b3c60000)
 tenured generation   total 647576K, used 402267K [0x00000000c0000000, 0x00000000e7866000, 0x0000000100000000)
   the space 647576K,  62% used [0x00000000c0000000, 0x00000000d88d6f08, 0x00000000d88d7000, 0x00000000e7866000)
 Metaspace       used 116731K, capacity 125904K, committed 126168K, reserved 1159168K
  class space    used 15277K, capacity 17028K, committed 17112K, reserved 1048576K
Event: 1015.870 GC heap after
Heap after GC invocations=120 (full 8):
 def new generation   total 291584K, used 20042K [0x00000000a0000000, 0x00000000b3c60000, 0x00000000c0000000)
  eden space 259200K,   0% used [0x00000000a0000000, 0x00000000a0000000, 0x00000000afd20000)
  from space 32384K,  61% used [0x00000000b1cc0000, 0x00000000b3052960, 0x00000000b3c60000)
  to   space 32384K,   0% used [0x00000000afd20000, 0x00000000afd20000, 0x00000000b1cc0000)
 tenured generation   total 647576K, used 416533K [0x00000000c0000000, 0x00000000e7866000, 0x0000000100000000)
   the space 647576K,  64% used [0x00000000c0000000, 0x00000000d96c5550, 0x00000000d96c5600, 0x00000000e7866000)
 Metaspace       used 116731K, capacity 125904K, committed 126168K, reserved 1159168K
  class space    used 15277K, capacity 17028K, committed 17112K, reserved 1048576K
}
Event: 1019.820 GC heap before
{Heap before GC invocations=120 (full 8):
 def new generation   total 291584K, used 279242K [0x00000000a0000000, 0x00000000b3c60000, 0x00000000c0000000)
  eden space 259200K, 100% used [0x00000000a0000000, 0x00000000afd20000, 0x00000000afd20000)
  from space 32384K,  61% used [0x00000000b1cc0000, 0x00000000b3052960, 0x00000000b3c60000)
  to   space 32384K,   0% used [0x00000000afd20000, 0x00000000afd20000, 0x00000000b1cc0000)
 tenured generation   total 647576K, used 416533K [0x00000000c0000000, 0x00000000e7866000, 0x0000000100000000)
   the space 647576K,  64% used [0x00000000c0000000, 0x00000000d96c5550, 0x00000000d96c5600, 0x00000000e7866000)
 Metaspace       used 117359K, capacity 126576K, committed 126808K, reserved 1159168K
  class space    used 15377K, capacity 17114K, committed 17240K, reserved 1048576K
Event: 1020.123 GC heap after
Heap after GC invocations=121 (full 8):
 def new generation   total 291584K, used 32383K [0x00000000a0000000, 0x00000000b3c60000, 0x00000000c0000000)
  eden space 259200K,   0% used [0x00000000a0000000, 0x00000000a0000000, 0x00000000afd20000)
  from space 32384K,  99% used [0x00000000afd20000, 0x00000000b1cbfff8, 0x00000000b1cc0000)
  to   space 32384K,   0% used [0x00000000b1cc0000, 0x00000000b1cc0000, 0x00000000b3c60000)
 tenured generation   total 647576K, used 464230K [0x00000000c0000000, 0x00000000e7866000, 0x0000000100000000)
   the space 647576K,  71% used [0x00000000c0000000, 0x00000000dc559900, 0x00000000dc559a00, 0x00000000e7866000)
 Metaspace       used 117359K, capacity 126576K, committed 126808K, reserved 1159168K
  class space    used 15377K, capacity 17114K, committed 17240K, reserved 1048576K
}
Event: 1026.624 GC heap before
{Heap before GC invocations=121 (full 8):
 def new generation   total 291584K, used 291583K [0x00000000a0000000, 0x00000000b3c60000, 0x00000000c0000000)
  eden space 259200K, 100% used [0x00000000a0000000, 0x00000000afd20000, 0x00000000afd20000)
  from space 32384K,  99% used [0x00000000afd20000, 0x00000000b1cbfff8, 0x00000000b1cc0000)
  to   space 32384K,   0% used [0x00000000b1cc0000, 0x00000000b1cc0000, 0x00000000b3c60000)
 tenured generation   total 647576K, used 464230K [0x00000000c0000000, 0x00000000e7866000, 0x0000000100000000)
   the space 647576K,  71% used [0x00000000c0000000, 0x00000000dc559900, 0x00000000dc559a00, 0x00000000e7866000)
 Metaspace       used 120009K, capacity 129404K, committed 129752K, reserved 1161216K
  class space    used 15725K, capacity 17530K, committed 17624K, reserved 1048576K
Event: 1027.459 GC heap after
Heap after GC invocations=122 (full 8):
 def new generation   total 291584K, used 32384K [0x00000000a0000000, 0x00000000b3c60000, 0x00000000c0000000)
  eden space 259200K,   0% used [0x00000000a0000000, 0x00000000a0000000, 0x00000000afd20000)
  from space 32384K, 100% used [0x00000000b1cc0000, 0x00000000b3c60000, 0x00000000b3c60000)
  to   space 32384K,   0% used [0x00000000afd20000, 0x00000000afd20000, 0x00000000b1cc0000)
 tenured generation   total 647576K, used 529011K [0x00000000c0000000, 0x00000000e7866000, 0x0000000100000000)
   the space 647576K,  81% used [0x00000000c0000000, 0x00000000e049cf20, 0x00000000e049d000, 0x00000000e7866000)
 Metaspace       used 120009K, capacity 129404K, committed 129752K, reserved 1161216K
  class space    used 15725K, capacity 17530K, committed 17624K, reserved 1048576K
}
Event: 1032.563 GC heap before
{Heap before GC invocations=122 (full 8):
 def new generation   total 291584K, used 291584K [0x00000000a0000000, 0x00000000b3c60000, 0x00000000c0000000)
  eden space 259200K, 100% used [0x00000000a0000000, 0x00000000afd20000, 0x00000000afd20000)
  from space 32384K, 100% used [0x00000000b1cc0000, 0x00000000b3c60000, 0x00000000b3c60000)
  to   space 32384K,   0% used [0x00000000afd20000, 0x00000000afd20000, 0x00000000b1cc0000)
 tenured generation   total 647576K, used 529011K [0x00000000c0000000, 0x00000000e7866000, 0x0000000100000000)
   the space 647576K,  81% used [0x00000000c0000000, 0x00000000e049cf20, 0x00000000e049d000, 0x00000000e7866000)
 Metaspace       used 120010K, capacity 129404K, committed 129752K, reserved 1161216K
  class space    used 15725K, capacity 17530K, committed 17624K, reserved 1048576K
Event: 1034.603 GC heap after
Heap after GC invocations=123 (full 8):
 def new generation   total 291584K, used 32384K [0x00000000a0000000, 0x00000000b3c60000, 0x00000000c0000000)
  eden space 259200K,   0% used [0x00000000a0000000, 0x00000000a0000000, 0x00000000afd20000)
  from space 32384K, 100% used [0x00000000afd20000, 0x00000000b1cc0000, 0x00000000b1cc0000)
  to   space 32384K,   0% used [0x00000000b1cc0000, 0x00000000b1cc0000, 0x00000000b3c60000)
 tenured generation   total 647576K, used 587435K [0x00000000c0000000, 0x00000000e7866000, 0x0000000100000000)
   the space 647576K,  90% used [0x00000000c0000000, 0x00000000e3daac40, 0x00000000e3daae00, 0x00000000e7866000)
 Metaspace       used 120010K, capacity 129404K, committed 129752K, reserved 1161216K
  class space    used 15725K, capacity 17530K, committed 17624K, reserved 1048576K
}
Event: 1041.040 GC heap before
{Heap before GC invocations=123 (full 8):
 def new generation   total 291584K, used 291584K [0x00000000a0000000, 0x00000000b3c60000, 0x00000000c0000000)
  eden space 259200K, 100% used [0x00000000a0000000, 0x00000000afd20000, 0x00000000afd20000)
  from space 32384K, 100% used [0x00000000afd20000, 0x00000000b1cc0000, 0x00000000b1cc0000)
  to   space 32384K,   0% used [0x00000000b1cc0000, 0x00000000b1cc0000, 0x00000000b3c60000)
 tenured generation   total 647576K, used 587435K [0x00000000c0000000, 0x00000000e7866000, 0x0000000100000000)
   the space 647576K,  90% used [0x00000000c0000000, 0x00000000e3daac40, 0x00000000e3daae00, 0x00000000e7866000)
 Metaspace       used 120105K, capacity 129568K, committed 129752K, reserved 1161216K
  class space    used 15737K, capacity 17536K, committed 17624K, reserved 1048576K

