# JRE version: OpenJDK Runtime Environment (8.0_212) (build 1.8.0_212-release-1586-b4-5784211)
# Java VM: OpenJDK 64-Bit Server VM (25.212-b4-5784211 mixed mode linux-amd64 compressed oops)
Heap:
 def new generation   total 406848K, used 31295K [0x00000000a0000000, 0x00000000bb970000, 0x00000000c0000000)
  eden space 361664K,   8% used [0x00000000a0000000, 0x00000000a1e8fcf0, 0x00000000b6130000)
  from space 45184K,   0% used [0x00000000b8d50000, 0x00000000b8d50000, 0x00000000bb970000)
  to   space 45184K,   0% used [0x00000000b6130000, 0x00000000b6130000, 0x00000000b8d50000)
 tenured generation   total 926192K, used 926191K [0x00000000c0000000, 0x00000000f887c000, 0x0000000100000000)
   the space 926192K,  99% used [0x00000000c0000000, 0x00000000f887bfe8, 0x00000000f887c000, 0x00000000f887c000)
 Metaspace       used 154914K, capacity 168992K, committed 169088K, reserved 1196032K
  class space    used 19664K, capacity 22316K, committed 22400K, reserved 1048576K
GC Heap History (10 events):
Event: 8139.086 GC heap after
Heap after GC invocations=227 (full 10):
 def new generation   total 406848K, used 17398K [0x00000000a0000000, 0x00000000bb970000, 0x00000000c0000000)
  eden space 361664K,   0% used [0x00000000a0000000, 0x00000000a0000000, 0x00000000b6130000)
  from space 45184K,  38% used [0x00000000b6130000, 0x00000000b722db98, 0x00000000b8d50000)
  to   space 45184K,   0% used [0x00000000b8d50000, 0x00000000b8d50000, 0x00000000bb970000)
 tenured generation   total 903920K, used 766908K [0x00000000c0000000, 0x00000000f72bc000, 0x0000000100000000)
   the space 903920K,  84% used [0x00000000c0000000, 0x00000000eecef3a0, 0x00000000eecef400, 0x00000000f72bc000)
 Metaspace       used 153768K, capacity 167860K, committed 168192K, reserved 1196032K
  class space    used 19531K, capacity 22170K, committed 22272K, reserved 1048576K
}
Event: 8142.990 GC heap before
{Heap before GC invocations=227 (full 10):
 def new generation   total 406848K, used 379062K [0x00000000a0000000, 0x00000000bb970000, 0x00000000c0000000)
  eden space 361664K, 100% used [0x00000000a0000000, 0x00000000b6130000, 0x00000000b6130000)
  from space 45184K,  38% used [0x00000000b6130000, 0x00000000b722db98, 0x00000000b8d50000)
  to   space 45184K,   0% used [0x00000000b8d50000, 0x00000000b8d50000, 0x00000000bb970000)
 tenured generation   total 903920K, used 766908K [0x00000000c0000000, 0x00000000f72bc000, 0x0000000100000000)
   the space 903920K,  84% used [0x00000000c0000000, 0x00000000eecef3a0, 0x00000000eecef400, 0x00000000f72bc000)
 Metaspace       used 153807K, capacity 167894K, committed 168192K, reserved 1196032K
  class space    used 19534K, capacity 22175K, committed 22272K, reserved 1048576K
Event: 8143.118 GC heap after
Heap after GC invocations=228 (full 10):
 def new generation   total 406848K, used 29841K [0x00000000a0000000, 0x00000000bb970000, 0x00000000c0000000)
  eden space 361664K,   0% used [0x00000000a0000000, 0x00000000a0000000, 0x00000000b6130000)
  from space 45184K,  66% used [0x00000000b8d50000, 0x00000000baa74428, 0x00000000bb970000)
  to   space 45184K,   0% used [0x00000000b6130000, 0x00000000b6130000, 0x00000000b8d50000)
 tenured generation   total 903920K, used 766908K [0x00000000c0000000, 0x00000000f72bc000, 0x0000000100000000)
   the space 903920K,  84% used [0x00000000c0000000, 0x00000000eecef3a0, 0x00000000eecef400, 0x00000000f72bc000)
 Metaspace       used 153807K, capacity 167894K, committed 168192K, reserved 1196032K
  class space    used 19534K, capacity 22175K, committed 22272K, reserved 1048576K
}
Event: 8155.502 GC heap before
{Heap before GC invocations=228 (full 10):
 def new generation   total 406848K, used 391505K [0x00000000a0000000, 0x00000000bb970000, 0x00000000c0000000)
  eden space 361664K, 100% used [0x00000000a0000000, 0x00000000b6130000, 0x00000000b6130000)
  from space 45184K,  66% used [0x00000000b8d50000, 0x00000000baa74428, 0x00000000bb970000)
  to   space 45184K,   0% used [0x00000000b6130000, 0x00000000b6130000, 0x00000000b8d50000)
 tenured generation   total 903920K, used 766908K [0x00000000c0000000, 0x00000000f72bc000, 0x0000000100000000)
   the space 903920K,  84% used [0x00000000c0000000, 0x00000000eecef3a0, 0x00000000eecef400, 0x00000000f72bc000)
 Metaspace       used 153862K, capacity 167918K, committed 168192K, reserved 1196032K
  class space    used 19537K, capacity 22179K, committed 22272K, reserved 1048576K
Event: 8155.978 GC heap after
Heap after GC invocations=229 (full 10):
 def new generation   total 406848K, used 3006K [0x00000000a0000000, 0x00000000bb970000, 0x00000000c0000000)
  eden space 361664K,   0% used [0x00000000a0000000, 0x00000000a0000000, 0x00000000b6130000)
  from space 45184K,   6% used [0x00000000b6130000, 0x00000000b641f890, 0x00000000b8d50000)
  to   space 45184K,   0% used [0x00000000b8d50000, 0x00000000b8d50000, 0x00000000bb970000)
 tenured generation   total 903920K, used 775691K [0x00000000c0000000, 0x00000000f72bc000, 0x0000000100000000)
   the space 903920K,  85% used [0x00000000c0000000, 0x00000000ef582e68, 0x00000000ef583000, 0x00000000f72bc000)
 Metaspace       used 153862K, capacity 167918K, committed 168192K, reserved 1196032K
  class space    used 19537K, capacity 22179K, committed 22272K, reserved 1048576K
}
Event: 8164.849 GC heap before
{Heap before GC invocations=229 (full 10):
 def new generation   total 406848K, used 364670K [0x00000000a0000000, 0x00000000bb970000, 0x00000000c0000000)
  eden space 361664K, 100% used [0x00000000a0000000, 0x00000000b6130000, 0x00000000b6130000)
  from space 45184K,   6% used [0x00000000b6130000, 0x00000000b641f890, 0x00000000b8d50000)
  to   space 45184K,   0% used [0x00000000b8d50000, 0x00000000b8d50000, 0x00000000bb970000)
 tenured generation   total 903920K, used 775691K [0x00000000c0000000, 0x00000000f72bc000, 0x0000000100000000)
   the space 903920K,  85% used [0x00000000c0000000, 0x00000000ef582e68, 0x00000000ef583000, 0x00000000f72bc000)
 Metaspace       used 154163K, capacity 168198K, committed 168448K, reserved 1196032K
  class space    used 19569K, capacity 22195K, committed 22272K, reserved 1048576K
Event: 8164.934 GC heap after
Heap after GC invocations=230 (full 10):
 def new generation   total 406848K, used 27765K [0x00000000a0000000, 0x00000000bb970000, 0x00000000c0000000)
  eden space 361664K,   0% used [0x00000000a0000000, 0x00000000a0000000, 0x00000000b6130000)
  from space 45184K,  61% used [0x00000000b8d50000, 0x00000000ba86d588, 0x00000000bb970000)
  to   space 45184K,   0% used [0x00000000b6130000, 0x00000000b6130000, 0x00000000b8d50000)
 tenured generation   total 903920K, used 775691K [0x00000000c0000000, 0x00000000f72bc000, 0x0000000100000000)
   the space 903920K,  85% used [0x00000000c0000000, 0x00000000ef582e68, 0x00000000ef583000, 0x00000000f72bc000)
 Metaspace       used 154163K, capacity 168198K, committed 168448K, reserved 1196032K
  class space    used 19569K, capacity 22195K, committed 22272K, reserved 1048576K
}
Event: 8166.935 GC heap before
{Heap before GC invocations=230 (full 10):
 def new generation   total 406848K, used 389429K [0x00000000a0000000, 0x00000000bb970000, 0x00000000c0000000)
  eden space 361664K, 100% used [0x00000000a0000000, 0x00000000b6130000, 0x00000000b6130000)
  from space 45184K,  61% used [0x00000000b8d50000, 0x00000000ba86d588, 0x00000000bb970000)
  to   space 45184K,   0% used [0x00000000b6130000, 0x00000000b6130000, 0x00000000b8d50000)
 tenured generation   total 903920K, used 775691K [0x00000000c0000000, 0x00000000f72bc000, 0x0000000100000000)
   the space 903920K,  85% used [0x00000000c0000000, 0x00000000ef582e68, 0x00000000ef583000, 0x00000000f72bc000)
 Metaspace       used 154904K, capacity 168986K, committed 169088K, reserved 1196032K
  class space    used 19663K, capacity 22315K, committed 22400K, reserved 1048576K
Event: 8169.787 GC heap after
Heap after GC invocations=231 (full 10):
 def new generation   total 406848K, used 45184K [0x00000000a0000000, 0x00000000bb970000, 0x00000000c0000000)
  eden space 361664K,   0% used [0x00000000a0000000, 0x00000000a0000000, 0x00000000b6130000)
  from space 45184K, 100% used [0x00000000b6130000, 0x00000000b8d50000, 0x00000000b8d50000)
  to   space 45184K,   0% used [0x00000000b8d50000, 0x00000000b8d50000, 0x00000000bb970000)
 tenured generation   total 903920K, used 840353K [0x00000000c0000000, 0x00000000f72bc000, 0x0000000100000000)
   the space 903920K,  92% used [0x00000000c0000000, 0x00000000f34a8798, 0x00000000f34a8800, 0x00000000f72bc000)
 Metaspace       used 154904K, capacity 168986K, committed 169088K, reserved 1196032K
  class space    used 19663K, capacity 22315K, committed 22400K, reserved 1048576K
}
Event: 8171.513 GC heap before
{Heap before GC invocations=231 (full 10):
 def new generation   total 406848K, used 406848K [0x00000000a0000000, 0x00000000bb970000, 0x00000000c0000000)
  eden space 361664K, 100% used [0x00000000a0000000, 0x00000000b6130000, 0x00000000b6130000)
  from space 45184K, 100% used [0x00000000b6130000, 0x00000000b8d50000, 0x00000000b8d50000)
  to   space 45184K,   0% used [0x00000000b8d50000, 0x00000000b8d50000, 0x00000000bb970000)
 tenured generation   total 903920K, used 840353K [0x00000000c0000000, 0x00000000f72bc000, 0x0000000100000000)
   the space 903920K,  92% used [0x00000000c0000000, 0x00000000f34a8798, 0x00000000f34a8800, 0x00000000f72bc000)
 Metaspace       used 154914K, capacity 168992K, committed 169088K, reserved 1196032K
  class space    used 19664K, capacity 22316K, committed 22400K, reserved 1048576K

